<?xml version="1.0" encoding="UTF-8"?>
<!-- Generated by org.testng.reporters.JUnitReportReporter -->
<testsuite hostname="emb-ban-157" name="TestNGClass" tests="1" failures="0" timestamp="30 Dec 2019 12:38:34 GMT" time="78.186" errors="0">
  <testcase name="launchapp" time="78.186" classname="TestNGClass"/>
</testsuite> <!-- TestNGClass -->
